[ 2017-08-28T20:12:25+08:00 ] 127.0.0.1 /admin.php
INFO: [ app_init ] --START--
INFO: Run Behavior\BuildLiteBehavior [ RunTime:0.000000s ]
INFO: [ app_init ] --END-- [ RunTime:0.001000s ]
INFO: [ app_begin ] --START--
INFO: Run Behavior\ReadHtmlCacheBehavior [ RunTime:0.001000s ]
INFO: [ app_begin ] --END-- [ RunTime:0.001000s ]
INFO: [ view_parse ] --START--
INFO: [ template_filter ] --START--
INFO: Run Behavior\ContentReplaceBehavior [ RunTime:0.001000s ]
INFO: [ template_filter ] --END-- [ RunTime:0.001000s ]
INFO: Run Behavior\ParseTemplateBehavior [ RunTime:0.079004s ]
INFO: [ view_parse ] --END-- [ RunTime:0.079004s ]
INFO: [ view_filter ] --START--
INFO: Run Behavior\WriteHtmlCacheBehavior [ RunTime:0.000000s ]
INFO: [ view_filter ] --END-- [ RunTime:0.001000s ]
INFO: [ app_end ] --START--
INFO: Run Behavior\ShowPageTraceBehavior [ RunTime:0.001000s ]
INFO: [ app_end ] --END-- [ RunTime:0.001000s ]

[ 2017-08-28T20:12:25+08:00 ] 127.0.0.1 /admin.php/Login/verify.html
INFO: [ app_init ] --START--
INFO: Run Behavior\BuildLiteBehavior [ RunTime:0.000000s ]
INFO: [ app_init ] --END-- [ RunTime:0.001000s ]
INFO: [ app_begin ] --START--
INFO: Run Behavior\ReadHtmlCacheBehavior [ RunTime:0.001000s ]
INFO: [ app_begin ] --END-- [ RunTime:0.001000s ]
INFO: [ app_end ] --START--
INFO: Run Behavior\ShowPageTraceBehavior [ RunTime:0.001000s ]
INFO: [ app_end ] --END-- [ RunTime:0.001000s ]

[ 2017-08-28T20:12:40+08:00 ] 127.0.0.1 /admin.php/Login/verify.html?a=0.5950304492913419
INFO: [ app_init ] --START--
INFO: Run Behavior\BuildLiteBehavior [ RunTime:0.000000s ]
INFO: [ app_init ] --END-- [ RunTime:0.001000s ]
INFO: [ app_begin ] --START--
INFO: Run Behavior\ReadHtmlCacheBehavior [ RunTime:0.001000s ]
INFO: [ app_begin ] --END-- [ RunTime:0.001000s ]
INFO: [ app_end ] --START--
INFO: Run Behavior\ShowPageTraceBehavior [ RunTime:0.002000s ]
INFO: [ app_end ] --END-- [ RunTime:0.002000s ]

[ 2017-08-28T20:12:47+08:00 ] 127.0.0.1 /admin.php/Login/index.html
INFO: [ app_init ] --START--
INFO: Run Behavior\BuildLiteBehavior [ RunTime:0.000000s ]
INFO: [ app_init ] --END-- [ RunTime:0.002000s ]
INFO: [ app_begin ] --START--
INFO: Run Behavior\ReadHtmlCacheBehavior [ RunTime:0.002000s ]
INFO: [ app_begin ] --END-- [ RunTime:0.002000s ]
SQL: SHOW COLUMNS FROM `blogs_login` [ RunTime:0.0160s ]
SQL: SELECT * FROM `blogs_login` WHERE `login_name` = 'jishuaifei' LIMIT 1   [ RunTime:0.0010s ]
SQL: UPDATE `blogs_login` SET `login_time`='1503922367',`login_ip`='127.0.0.1' WHERE `login_id` = 1 [ RunTime:0.0010s ]
SQL: SHOW COLUMNS FROM `blogs_log` [ RunTime:0.0080s ]
SQL: INSERT INTO `blogs_log` (`log_ip`,`log_time`,`log_coment`,`login_id`) VALUES ('127.0.0.1','1503922367','管理员登陆','1') [ RunTime:0.0020s ]
INFO: [ view_parse ] --START--
INFO: [ template_filter ] --START--
INFO: Run Behavior\ContentReplaceBehavior [ RunTime:0.001000s ]
INFO: [ template_filter ] --END-- [ RunTime:0.001000s ]
INFO: Run Behavior\ParseTemplateBehavior [ RunTime:0.065004s ]
INFO: [ view_parse ] --END-- [ RunTime:0.065004s ]
INFO: [ view_filter ] --START--
INFO: Run Behavior\WriteHtmlCacheBehavior [ RunTime:0.000000s ]
INFO: [ view_filter ] --END-- [ RunTime:0.001000s ]
INFO: [ app_end ] --START--
INFO: Run Behavior\ShowPageTraceBehavior [ RunTime:0.001000s ]
INFO: [ app_end ] --END-- [ RunTime:0.001000s ]

[ 2017-08-28T20:12:50+08:00 ] 127.0.0.1 /admin.php/Index/index.html
INFO: [ app_init ] --START--
INFO: Run Behavior\BuildLiteBehavior [ RunTime:0.000000s ]
INFO: [ app_init ] --END-- [ RunTime:0.000000s ]
INFO: [ app_begin ] --START--
INFO: Run Behavior\ReadHtmlCacheBehavior [ RunTime:0.001000s ]
INFO: [ app_begin ] --END-- [ RunTime:0.001000s ]
SQL: SHOW COLUMNS FROM `blogs_login` [ RunTime:0.0040s ]
SQL: SELECT * FROM `blogs_login` WHERE `login_id` = 1 LIMIT 1   [ RunTime:0.0000s ]
SQL: SHOW COLUMNS FROM `blogs_user` [ RunTime:0.0050s ]
SQL: SELECT COUNT(*) AS tp_count FROM `blogs_user` LIMIT 1   [ RunTime:0.0010s ]
SQL: SELECT COUNT(*) AS tp_count FROM `blogs_login` LIMIT 1   [ RunTime:0.0010s ]
SQL: SHOW COLUMNS FROM `blogs_article` [ RunTime:0.0040s ]
SQL: SELECT COUNT(*) AS tp_count FROM `blogs_article` LIMIT 1   [ RunTime:0.0000s ]
SQL: SHOW COLUMNS FROM `blogs_connect` [ RunTime:0.0040s ]
SQL: SELECT COUNT(*) AS tp_count FROM `blogs_connect` LIMIT 1   [ RunTime:0.0000s ]
INFO: [ view_parse ] --START--
INFO: [ template_filter ] --START--
INFO: Run Behavior\ContentReplaceBehavior [ RunTime:0.000000s ]
INFO: [ template_filter ] --END-- [ RunTime:0.000000s ]
NOTIC: [8] Undefined index: login C:\wamp\www\8yue\18\blog\Apliple\Runtime\Cache\Admin\896039acfa89529e4816d536c0451207.php 第 143 行.
INFO: Run Behavior\ParseTemplateBehavior [ RunTime:0.048003s ]
INFO: [ view_parse ] --END-- [ RunTime:0.049003s ]
INFO: [ view_filter ] --START--
INFO: Run Behavior\WriteHtmlCacheBehavior [ RunTime:0.001000s ]
INFO: [ view_filter ] --END-- [ RunTime:0.003000s ]
INFO: [ app_end ] --START--
INFO: Run Behavior\ShowPageTraceBehavior [ RunTime:0.001000s ]
INFO: [ app_end ] --END-- [ RunTime:0.001000s ]

[ 2017-08-28T20:12:52+08:00 ] 127.0.0.1 /admin.php/Index/visit.html
INFO: [ app_init ] --START--
INFO: Run Behavior\BuildLiteBehavior [ RunTime:0.000000s ]
INFO: [ app_init ] --END-- [ RunTime:0.000000s ]
INFO: [ app_begin ] --START--
INFO: Run Behavior\ReadHtmlCacheBehavior [ RunTime:0.001000s ]
INFO: [ app_begin ] --END-- [ RunTime:0.002000s ]
SQL: SHOW COLUMNS FROM `blogs_visit` [ RunTime:0.0370s ]
SQL: SELECT COUNT(*) AS tp_count FROM `blogs_visit` WHERE (  `time` >= 1503849600 ) AND (  `time` <= 1503935999 ) LIMIT 1   [ RunTime:0.0010s ]
SQL: SELECT `ip` FROM `blogs_visit` WHERE (  `time` >= 1503849600 ) AND (  `time` <= 1503935999 ) GROUP BY ip  [ RunTime:0.0010s ]
SQL: SELECT COUNT(*) AS tp_count FROM `blogs_visit` WHERE (  `time` >= 1503763200 ) AND (  `time` <= 1503849599 ) LIMIT 1   [ RunTime:0.0000s ]
SQL: SELECT `ip` FROM `blogs_visit` WHERE (  `time` >= 1503763200 ) AND (  `time` <= 1503849599 ) GROUP BY ip  [ RunTime:0.0000s ]
SQL: SELECT COUNT(*) AS tp_count FROM `blogs_visit` WHERE (  `time` >= 1503676800 ) AND (  `time` <= 1503763199 ) LIMIT 1   [ RunTime:0.0010s ]
SQL: SELECT `ip` FROM `blogs_visit` WHERE (  `time` >= 1503676800 ) AND (  `time` <= 1503763199 ) GROUP BY ip  [ RunTime:0.0010s ]
SQL: SELECT COUNT(*) AS tp_count FROM `blogs_visit` WHERE (  `time` >= 1503590400 ) AND (  `time` <= 1503676799 ) LIMIT 1   [ RunTime:0.0010s ]
SQL: SELECT `ip` FROM `blogs_visit` WHERE (  `time` >= 1503590400 ) AND (  `time` <= 1503676799 ) GROUP BY ip  [ RunTime:0.0010s ]
SQL: SELECT COUNT(*) AS tp_count FROM `blogs_visit` WHERE (  `time` >= 1503504000 ) AND (  `time` <= 1503590399 ) LIMIT 1   [ RunTime:0.0000s ]
SQL: SELECT `ip` FROM `blogs_visit` WHERE (  `time` >= 1503504000 ) AND (  `time` <= 1503590399 ) GROUP BY ip  [ RunTime:0.0010s ]
SQL: SELECT COUNT(*) AS tp_count FROM `blogs_visit` WHERE (  `time` >= 1503417600 ) AND (  `time` <= 1503503999 ) LIMIT 1   [ RunTime:0.0010s ]
SQL: SELECT `ip` FROM `blogs_visit` WHERE (  `time` >= 1503417600 ) AND (  `time` <= 1503503999 ) GROUP BY ip  [ RunTime:0.0020s ]
SQL: SELECT COUNT(*) AS tp_count FROM `blogs_visit` WHERE (  `time` >= 1503331200 ) AND (  `time` <= 1503417599 ) LIMIT 1   [ RunTime:0.0010s ]
SQL: SELECT `ip` FROM `blogs_visit` WHERE (  `time` >= 1503331200 ) AND (  `time` <= 1503417599 ) GROUP BY ip  [ RunTime:0.0010s ]
INFO: [ app_end ] --START--
INFO: Run Behavior\ShowPageTraceBehavior [ RunTime:0.001000s ]
INFO: [ app_end ] --END-- [ RunTime:0.001000s ]

[ 2017-08-28T20:12:56+08:00 ] 127.0.0.1 /admin.php/Deploy/index.html
INFO: [ app_init ] --START--
INFO: Run Behavior\BuildLiteBehavior [ RunTime:0.000000s ]
INFO: [ app_init ] --END-- [ RunTime:0.001000s ]
INFO: [ app_begin ] --START--
INFO: Run Behavior\ReadHtmlCacheBehavior [ RunTime:0.002000s ]
INFO: [ app_begin ] --END-- [ RunTime:0.002000s ]
INFO: [ view_parse ] --START--
INFO: [ template_filter ] --START--
INFO: Run Behavior\ContentReplaceBehavior [ RunTime:0.000000s ]
INFO: [ template_filter ] --END-- [ RunTime:0.001000s ]
INFO: Run Behavior\ParseTemplateBehavior [ RunTime:0.046003s ]
INFO: [ view_parse ] --END-- [ RunTime:0.046003s ]
INFO: [ view_filter ] --START--
INFO: Run Behavior\WriteHtmlCacheBehavior [ RunTime:0.000000s ]
INFO: [ view_filter ] --END-- [ RunTime:0.002000s ]
INFO: [ app_end ] --START--
INFO: Run Behavior\ShowPageTraceBehavior [ RunTime:0.001000s ]
INFO: [ app_end ] --END-- [ RunTime:0.001000s ]

[ 2017-08-28T20:13:04+08:00 ] 127.0.0.1 /admin.php/Deploy/index.html
INFO: [ app_init ] --START--
INFO: Run Behavior\BuildLiteBehavior [ RunTime:0.000000s ]
INFO: [ app_init ] --END-- [ RunTime:0.001000s ]
INFO: [ app_begin ] --START--
INFO: Run Behavior\ReadHtmlCacheBehavior [ RunTime:0.001000s ]
INFO: [ app_begin ] --END-- [ RunTime:0.001000s ]
SQL: SHOW COLUMNS FROM `blogs_deploy` [ RunTime:0.0060s ]
SQL: UPDATE `blogs_deploy` SET `value`='伤心天地' WHERE `key` = 'TITLE' [ RunTime:0.0010s ]
SQL: UPDATE `blogs_deploy` SET `value`='jishuaifei.com' WHERE `key` = 'URL' [ RunTime:0.0010s ]
SQL: UPDATE `blogs_deploy` SET `value`='2' WHERE `key` = 'PAGE_SIZE' [ RunTime:0.0010s ]
SQL: UPDATE `blogs_deploy` SET `value`='31457208' WHERE `key` = 'UPLOAD_SIZE' [ RunTime:0.0010s ]
SQL: UPDATE `blogs_deploy` SET `value`='&lt;script&gt; var _hmt = _hmt || []; (function() {   var hm = document.createElement(&quot;script&quot;);   hm.src = &quot;https://hm.baidu.com/hm.js?283d0c19c1845742e403da19f589b920&quot;;   var s = document.getElementsByTagName(&quot;script&quot;)[0]; ' WHERE `key` = 'TONGJI' [ RunTime:0.0010s ]
SQL: SHOW COLUMNS FROM `blogs_log` [ RunTime:0.0040s ]
SQL: INSERT INTO `blogs_log` (`log_ip`,`log_time`,`log_coment`,`login_id`) VALUES ('127.0.0.1','1503922384','修改配置','1') [ RunTime:0.0020s ]
INFO: [ view_parse ] --START--
INFO: [ template_filter ] --START--
INFO: Run Behavior\ContentReplaceBehavior [ RunTime:0.000000s ]
INFO: [ template_filter ] --END-- [ RunTime:0.000000s ]
INFO: Run Behavior\ParseTemplateBehavior [ RunTime:0.009001s ]
INFO: [ view_parse ] --END-- [ RunTime:0.010001s ]
INFO: [ view_filter ] --START--
INFO: Run Behavior\WriteHtmlCacheBehavior [ RunTime:0.001000s ]
INFO: [ view_filter ] --END-- [ RunTime:0.001000s ]
INFO: [ app_end ] --START--
INFO: Run Behavior\ShowPageTraceBehavior [ RunTime:0.001000s ]
INFO: [ app_end ] --END-- [ RunTime:0.001000s ]

[ 2017-08-28T20:13:06+08:00 ] 127.0.0.1 /admin.php/Deploy/index.html
INFO: [ app_init ] --START--
INFO: Run Behavior\BuildLiteBehavior [ RunTime:0.000000s ]
INFO: [ app_init ] --END-- [ RunTime:0.001000s ]
INFO: [ app_begin ] --START--
INFO: Run Behavior\ReadHtmlCacheBehavior [ RunTime:0.002000s ]
INFO: [ app_begin ] --END-- [ RunTime:0.002000s ]
SQL: SHOW COLUMNS FROM `blogs_deploy` [ RunTime:0.0050s ]
SQL: SELECT * FROM `blogs_deploy`  [ RunTime:0.0000s ]
INFO: [ view_parse ] --START--
INFO: [ template_filter ] --START--
INFO: Run Behavior\ContentReplaceBehavior [ RunTime:0.000000s ]
INFO: [ template_filter ] --END-- [ RunTime:0.001001s ]
INFO: Run Behavior\ParseTemplateBehavior [ RunTime:0.010001s ]
INFO: [ view_parse ] --END-- [ RunTime:0.010001s ]
INFO: [ view_filter ] --START--
INFO: Run Behavior\WriteHtmlCacheBehavior [ RunTime:0.000000s ]
INFO: [ view_filter ] --END-- [ RunTime:0.001000s ]
INFO: [ app_end ] --START--
INFO: Run Behavior\ShowPageTraceBehavior [ RunTime:0.000000s ]
INFO: [ app_end ] --END-- [ RunTime:0.001000s ]

