[ 2017-08-17T11:00:31+08:00 ] 127.0.0.1 /
INFO: [ app_init ] --START--
INFO: Run Behavior\BuildLiteBehavior [ RunTime:0.000000s ]
INFO: [ app_init ] --END-- [ RunTime:0.001000s ]
INFO: [ app_begin ] --START--
INFO: Run Behavior\ReadHtmlCacheBehavior [ RunTime:0.001000s ]
INFO: [ app_begin ] --END-- [ RunTime:0.001000s ]
SQL: SHOW COLUMNS FROM `blogs_deploy` [ RunTime:0.0050s ]
SQL: SELECT * FROM `blogs_deploy`  [ RunTime:0.0010s ]
SQL: SHOW COLUMNS FROM `blogs_article` [ RunTime:0.0060s ]
SQL: SELECT * FROM `blogs_article` WHERE ( is_del = 0 )  [ RunTime:0.0000s ]
SQL: SHOW COLUMNS FROM `blogs_classify` [ RunTime:0.0180s ]
SQL: SELECT * FROM `blogs_classify` WHERE ( 1=1 AND classify_id='5' ) LIMIT 1   [ RunTime:0.0010s ]
SQL: SHOW COLUMNS FROM `blogs_login` [ RunTime:0.0060s ]
SQL: SELECT * FROM `blogs_login` WHERE ( 1=1 AND login_id='1' ) LIMIT 1   [ RunTime:0.0000s ]
SQL: SHOW COLUMNS FROM `blogs_label` [ RunTime:0.0050s ]
NOTIC: [8] Undefined index: mapping_order C:\wamp\www\8yue\18\ThinkPHP\Library\Think\Model\RelationModel.class.php 第 186 行.
NOTIC: [8] Undefined index: mapping_limit C:\wamp\www\8yue\18\ThinkPHP\Library\Think\Model\RelationModel.class.php 第 187 行.
NOTIC: [8] Undefined index: relation_foreign_key C:\wamp\www\8yue\18\ThinkPHP\Library\Think\Model\RelationModel.class.php 第 188 行.
SQL: SELECT b.* FROM blogs_label_article AS a, blogs_label AS b WHERE a.Label_id = b.label_id AND a. article_id='13' [ RunTime:0.0000s ]
SQL: SELECT * FROM `blogs_classify` WHERE ( 1=1 AND classify_id='5' ) LIMIT 1   [ RunTime:0.0000s ]
SQL: SELECT * FROM `blogs_login` WHERE ( 1=1 AND login_id='1' ) LIMIT 1   [ RunTime:0.0010s ]
NOTIC: [8] Undefined index: mapping_order C:\wamp\www\8yue\18\ThinkPHP\Library\Think\Model\RelationModel.class.php 第 186 行.
NOTIC: [8] Undefined index: mapping_limit C:\wamp\www\8yue\18\ThinkPHP\Library\Think\Model\RelationModel.class.php 第 187 行.
NOTIC: [8] Undefined index: relation_foreign_key C:\wamp\www\8yue\18\ThinkPHP\Library\Think\Model\RelationModel.class.php 第 188 行.
SQL: SELECT b.* FROM blogs_label_article AS a, blogs_label AS b WHERE a.Label_id = b.label_id AND a. article_id='16' [ RunTime:0.0010s ]
SQL: SELECT * FROM `blogs_classify` WHERE ( 1=1 AND classify_id='5' ) LIMIT 1   [ RunTime:0.0000s ]
SQL: SELECT * FROM `blogs_login` WHERE ( 1=1 AND login_id='1' ) LIMIT 1   [ RunTime:0.0000s ]
NOTIC: [8] Undefined index: mapping_order C:\wamp\www\8yue\18\ThinkPHP\Library\Think\Model\RelationModel.class.php 第 186 行.
NOTIC: [8] Undefined index: mapping_limit C:\wamp\www\8yue\18\ThinkPHP\Library\Think\Model\RelationModel.class.php 第 187 行.
NOTIC: [8] Undefined index: relation_foreign_key C:\wamp\www\8yue\18\ThinkPHP\Library\Think\Model\RelationModel.class.php 第 188 行.
SQL: SELECT b.* FROM blogs_label_article AS a, blogs_label AS b WHERE a.Label_id = b.label_id AND a. article_id='18' [ RunTime:0.0000s ]
SQL: SELECT * FROM `blogs_classify` WHERE ( 1=1 AND classify_id='5' ) LIMIT 1   [ RunTime:0.0010s ]
SQL: SELECT * FROM `blogs_login` WHERE ( 1=1 AND login_id='1' ) LIMIT 1   [ RunTime:0.0000s ]
NOTIC: [8] Undefined index: mapping_order C:\wamp\www\8yue\18\ThinkPHP\Library\Think\Model\RelationModel.class.php 第 186 行.
NOTIC: [8] Undefined index: mapping_limit C:\wamp\www\8yue\18\ThinkPHP\Library\Think\Model\RelationModel.class.php 第 187 行.
NOTIC: [8] Undefined index: relation_foreign_key C:\wamp\www\8yue\18\ThinkPHP\Library\Think\Model\RelationModel.class.php 第 188 行.
SQL: SELECT b.* FROM blogs_label_article AS a, blogs_label AS b WHERE a.Label_id = b.label_id AND a. article_id='19' [ RunTime:0.0170s ]
SQL: SHOW COLUMNS FROM `blogs_classify` [ RunTime:0.0050s ]
SQL: SELECT * FROM `blogs_classify`  [ RunTime:0.0000s ]
INFO: [ view_parse ] --START--
INFO: [ template_filter ] --START--
INFO: Run Behavior\ContentReplaceBehavior [ RunTime:0.000000s ]
INFO: [ template_filter ] --END-- [ RunTime:0.000000s ]
INFO: Run Behavior\ParseTemplateBehavior [ RunTime:0.032002s ]
INFO: [ view_parse ] --END-- [ RunTime:0.032002s ]
INFO: [ view_filter ] --START--
INFO: Run Behavior\WriteHtmlCacheBehavior [ RunTime:0.001000s ]
INFO: [ view_filter ] --END-- [ RunTime:0.001000s ]
INFO: [ app_end ] --START--
INFO: Run Behavior\ShowPageTraceBehavior [ RunTime:0.000000s ]
INFO: [ app_end ] --END-- [ RunTime:0.001000s ]

[ 2017-08-17T14:43:18+08:00 ] 127.0.0.1 /
INFO: [ app_init ] --START--
INFO: Run Behavior\BuildLiteBehavior [ RunTime:0.000000s ]
INFO: [ app_init ] --END-- [ RunTime:0.002000s ]
INFO: [ app_begin ] --START--
INFO: Run Behavior\ReadHtmlCacheBehavior [ RunTime:0.002000s ]
INFO: [ app_begin ] --END-- [ RunTime:0.003000s ]
SQL: SHOW COLUMNS FROM `blogs_deploy` [ RunTime:0.0240s ]
SQL: SELECT * FROM `blogs_deploy`  [ RunTime:0.0000s ]
SQL: SHOW COLUMNS FROM `blogs_article` [ RunTime:0.0050s ]
SQL: SELECT * FROM `blogs_article` WHERE ( is_del = 0 )  [ RunTime:0.0010s ]
SQL: SHOW COLUMNS FROM `blogs_classify` [ RunTime:0.0300s ]
SQL: SELECT * FROM `blogs_classify` WHERE ( 1=1 AND classify_id='5' ) LIMIT 1   [ RunTime:0.0010s ]
SQL: SHOW COLUMNS FROM `blogs_login` [ RunTime:0.0050s ]
SQL: SELECT * FROM `blogs_login` WHERE ( 1=1 AND login_id='1' ) LIMIT 1   [ RunTime:0.0000s ]
SQL: SHOW COLUMNS FROM `blogs_label` [ RunTime:0.0220s ]
NOTIC: [8] Undefined index: mapping_order C:\wamp\www\8yue\18\ThinkPHP\Library\Think\Model\RelationModel.class.php 第 186 行.
NOTIC: [8] Undefined index: mapping_limit C:\wamp\www\8yue\18\ThinkPHP\Library\Think\Model\RelationModel.class.php 第 187 行.
NOTIC: [8] Undefined index: relation_foreign_key C:\wamp\www\8yue\18\ThinkPHP\Library\Think\Model\RelationModel.class.php 第 188 行.
SQL: SELECT b.* FROM blogs_label_article AS a, blogs_label AS b WHERE a.Label_id = b.label_id AND a. article_id='13' [ RunTime:0.0010s ]
SQL: SELECT * FROM `blogs_classify` WHERE ( 1=1 AND classify_id='5' ) LIMIT 1   [ RunTime:0.0010s ]
SQL: SELECT * FROM `blogs_login` WHERE ( 1=1 AND login_id='1' ) LIMIT 1   [ RunTime:0.0000s ]
NOTIC: [8] Undefined index: mapping_order C:\wamp\www\8yue\18\ThinkPHP\Library\Think\Model\RelationModel.class.php 第 186 行.
NOTIC: [8] Undefined index: mapping_limit C:\wamp\www\8yue\18\ThinkPHP\Library\Think\Model\RelationModel.class.php 第 187 行.
NOTIC: [8] Undefined index: relation_foreign_key C:\wamp\www\8yue\18\ThinkPHP\Library\Think\Model\RelationModel.class.php 第 188 行.
SQL: SELECT b.* FROM blogs_label_article AS a, blogs_label AS b WHERE a.Label_id = b.label_id AND a. article_id='16' [ RunTime:0.0000s ]
SQL: SELECT * FROM `blogs_classify` WHERE ( 1=1 AND classify_id='5' ) LIMIT 1   [ RunTime:0.0000s ]
SQL: SELECT * FROM `blogs_login` WHERE ( 1=1 AND login_id='1' ) LIMIT 1   [ RunTime:0.0000s ]
NOTIC: [8] Undefined index: mapping_order C:\wamp\www\8yue\18\ThinkPHP\Library\Think\Model\RelationModel.class.php 第 186 行.
NOTIC: [8] Undefined index: mapping_limit C:\wamp\www\8yue\18\ThinkPHP\Library\Think\Model\RelationModel.class.php 第 187 行.
NOTIC: [8] Undefined index: relation_foreign_key C:\wamp\www\8yue\18\ThinkPHP\Library\Think\Model\RelationModel.class.php 第 188 行.
SQL: SELECT b.* FROM blogs_label_article AS a, blogs_label AS b WHERE a.Label_id = b.label_id AND a. article_id='18' [ RunTime:0.0010s ]
SQL: SELECT * FROM `blogs_classify` WHERE ( 1=1 AND classify_id='5' ) LIMIT 1   [ RunTime:0.0010s ]
SQL: SELECT * FROM `blogs_login` WHERE ( 1=1 AND login_id='1' ) LIMIT 1   [ RunTime:0.0010s ]
NOTIC: [8] Undefined index: mapping_order C:\wamp\www\8yue\18\ThinkPHP\Library\Think\Model\RelationModel.class.php 第 186 行.
NOTIC: [8] Undefined index: mapping_limit C:\wamp\www\8yue\18\ThinkPHP\Library\Think\Model\RelationModel.class.php 第 187 行.
NOTIC: [8] Undefined index: relation_foreign_key C:\wamp\www\8yue\18\ThinkPHP\Library\Think\Model\RelationModel.class.php 第 188 行.
SQL: SELECT b.* FROM blogs_label_article AS a, blogs_label AS b WHERE a.Label_id = b.label_id AND a. article_id='19' [ RunTime:0.0000s ]
SQL: SHOW COLUMNS FROM `blogs_classify` [ RunTime:0.0030s ]
SQL: SELECT * FROM `blogs_classify`  [ RunTime:0.0000s ]
INFO: [ view_parse ] --START--
INFO: [ template_filter ] --START--
INFO: Run Behavior\ContentReplaceBehavior [ RunTime:0.000000s ]
INFO: [ template_filter ] --END-- [ RunTime:0.000000s ]
INFO: Run Behavior\ParseTemplateBehavior [ RunTime:0.081004s ]
INFO: [ view_parse ] --END-- [ RunTime:0.082005s ]
INFO: [ view_filter ] --START--
INFO: Run Behavior\WriteHtmlCacheBehavior [ RunTime:0.009000s ]
INFO: [ view_filter ] --END-- [ RunTime:0.009000s ]
INFO: [ app_end ] --START--
INFO: Run Behavior\ShowPageTraceBehavior [ RunTime:0.002000s ]
INFO: [ app_end ] --END-- [ RunTime:0.002000s ]

[ 2017-08-17T14:45:56+08:00 ] 127.0.0.1 /
INFO: [ app_init ] --START--
INFO: Run Behavior\BuildLiteBehavior [ RunTime:0.000000s ]
INFO: [ app_init ] --END-- [ RunTime:0.001000s ]
INFO: [ app_begin ] --START--
INFO: Run Behavior\ReadHtmlCacheBehavior [ RunTime:0.001000s ]
INFO: [ app_begin ] --END-- [ RunTime:0.001000s ]
SQL: SHOW COLUMNS FROM `blogs_deploy` [ RunTime:0.0040s ]
SQL: SELECT * FROM `blogs_deploy`  [ RunTime:0.0000s ]
SQL: SHOW COLUMNS FROM `blogs_article` [ RunTime:0.0040s ]
SQL: SELECT * FROM `blogs_article` WHERE ( is_del = 0 )  [ RunTime:0.0000s ]
SQL: SHOW COLUMNS FROM `blogs_classify` [ RunTime:0.0040s ]
SQL: SELECT * FROM `blogs_classify` WHERE ( 1=1 AND classify_id='5' ) LIMIT 1   [ RunTime:0.0000s ]
SQL: SHOW COLUMNS FROM `blogs_login` [ RunTime:0.0050s ]
SQL: SELECT * FROM `blogs_login` WHERE ( 1=1 AND login_id='1' ) LIMIT 1   [ RunTime:0.0010s ]
SQL: SHOW COLUMNS FROM `blogs_label` [ RunTime:0.0040s ]
NOTIC: [8] Undefined index: mapping_order C:\wamp\www\8yue\18\ThinkPHP\Library\Think\Model\RelationModel.class.php 第 186 行.
NOTIC: [8] Undefined index: mapping_limit C:\wamp\www\8yue\18\ThinkPHP\Library\Think\Model\RelationModel.class.php 第 187 行.
NOTIC: [8] Undefined index: relation_foreign_key C:\wamp\www\8yue\18\ThinkPHP\Library\Think\Model\RelationModel.class.php 第 188 行.
SQL: SELECT b.* FROM blogs_label_article AS a, blogs_label AS b WHERE a.Label_id = b.label_id AND a. article_id='13' [ RunTime:0.0000s ]
SQL: SELECT * FROM `blogs_classify` WHERE ( 1=1 AND classify_id='5' ) LIMIT 1   [ RunTime:0.0000s ]
SQL: SELECT * FROM `blogs_login` WHERE ( 1=1 AND login_id='1' ) LIMIT 1   [ RunTime:0.0000s ]
NOTIC: [8] Undefined index: mapping_order C:\wamp\www\8yue\18\ThinkPHP\Library\Think\Model\RelationModel.class.php 第 186 行.
NOTIC: [8] Undefined index: mapping_limit C:\wamp\www\8yue\18\ThinkPHP\Library\Think\Model\RelationModel.class.php 第 187 行.
NOTIC: [8] Undefined index: relation_foreign_key C:\wamp\www\8yue\18\ThinkPHP\Library\Think\Model\RelationModel.class.php 第 188 行.
SQL: SELECT b.* FROM blogs_label_article AS a, blogs_label AS b WHERE a.Label_id = b.label_id AND a. article_id='16' [ RunTime:0.0000s ]
SQL: SELECT * FROM `blogs_classify` WHERE ( 1=1 AND classify_id='5' ) LIMIT 1   [ RunTime:0.0010s ]
SQL: SELECT * FROM `blogs_login` WHERE ( 1=1 AND login_id='1' ) LIMIT 1   [ RunTime:0.0000s ]
NOTIC: [8] Undefined index: mapping_order C:\wamp\www\8yue\18\ThinkPHP\Library\Think\Model\RelationModel.class.php 第 186 行.
NOTIC: [8] Undefined index: mapping_limit C:\wamp\www\8yue\18\ThinkPHP\Library\Think\Model\RelationModel.class.php 第 187 行.
NOTIC: [8] Undefined index: relation_foreign_key C:\wamp\www\8yue\18\ThinkPHP\Library\Think\Model\RelationModel.class.php 第 188 行.
SQL: SELECT b.* FROM blogs_label_article AS a, blogs_label AS b WHERE a.Label_id = b.label_id AND a. article_id='18' [ RunTime:0.0000s ]
SQL: SELECT * FROM `blogs_classify` WHERE ( 1=1 AND classify_id='5' ) LIMIT 1   [ RunTime:0.0000s ]
SQL: SELECT * FROM `blogs_login` WHERE ( 1=1 AND login_id='1' ) LIMIT 1   [ RunTime:0.0010s ]
NOTIC: [8] Undefined index: mapping_order C:\wamp\www\8yue\18\ThinkPHP\Library\Think\Model\RelationModel.class.php 第 186 行.
NOTIC: [8] Undefined index: mapping_limit C:\wamp\www\8yue\18\ThinkPHP\Library\Think\Model\RelationModel.class.php 第 187 行.
NOTIC: [8] Undefined index: relation_foreign_key C:\wamp\www\8yue\18\ThinkPHP\Library\Think\Model\RelationModel.class.php 第 188 行.
SQL: SELECT b.* FROM blogs_label_article AS a, blogs_label AS b WHERE a.Label_id = b.label_id AND a. article_id='19' [ RunTime:0.0000s ]
SQL: SHOW COLUMNS FROM `blogs_classify` [ RunTime:0.0030s ]
SQL: SELECT * FROM `blogs_classify`  [ RunTime:0.0000s ]
INFO: [ view_parse ] --START--
INFO: [ template_filter ] --START--
INFO: Run Behavior\ContentReplaceBehavior [ RunTime:0.000000s ]
INFO: [ template_filter ] --END-- [ RunTime:0.000000s ]
INFO: Run Behavior\ParseTemplateBehavior [ RunTime:0.018001s ]
INFO: [ view_parse ] --END-- [ RunTime:0.018001s ]
INFO: [ view_filter ] --START--
INFO: Run Behavior\WriteHtmlCacheBehavior [ RunTime:0.000000s ]
INFO: [ view_filter ] --END-- [ RunTime:0.000000s ]
INFO: [ app_end ] --START--
INFO: Run Behavior\ShowPageTraceBehavior [ RunTime:0.001000s ]
INFO: [ app_end ] --END-- [ RunTime:0.001000s ]

[ 2017-08-17T15:06:53+08:00 ] 127.0.0.1 /
INFO: [ app_init ] --START--
INFO: Run Behavior\BuildLiteBehavior [ RunTime:0.000000s ]
INFO: [ app_init ] --END-- [ RunTime:0.001000s ]
INFO: [ app_begin ] --START--
INFO: Run Behavior\ReadHtmlCacheBehavior [ RunTime:0.001000s ]
INFO: [ app_begin ] --END-- [ RunTime:0.001000s ]
SQL: SHOW COLUMNS FROM `blogs_deploy` [ RunTime:0.0050s ]
SQL: SELECT * FROM `blogs_deploy`  [ RunTime:0.0000s ]
SQL: SHOW COLUMNS FROM `blogs_article` [ RunTime:0.0040s ]
SQL: SELECT * FROM `blogs_article` WHERE ( is_del = 0 )  [ RunTime:0.0000s ]
SQL: SHOW COLUMNS FROM `blogs_classify` [ RunTime:0.0040s ]
SQL: SELECT * FROM `blogs_classify` WHERE ( 1=1 AND classify_id='5' ) LIMIT 1   [ RunTime:0.0000s ]
SQL: SHOW COLUMNS FROM `blogs_login` [ RunTime:0.0040s ]
SQL: SELECT * FROM `blogs_login` WHERE ( 1=1 AND login_id='1' ) LIMIT 1   [ RunTime:0.0000s ]
SQL: SHOW COLUMNS FROM `blogs_label` [ RunTime:0.0040s ]
NOTIC: [8] Undefined index: mapping_order C:\wamp\www\8yue\18\ThinkPHP\Library\Think\Model\RelationModel.class.php 第 186 行.
NOTIC: [8] Undefined index: mapping_limit C:\wamp\www\8yue\18\ThinkPHP\Library\Think\Model\RelationModel.class.php 第 187 行.
NOTIC: [8] Undefined index: relation_foreign_key C:\wamp\www\8yue\18\ThinkPHP\Library\Think\Model\RelationModel.class.php 第 188 行.
SQL: SELECT b.* FROM blogs_label_article AS a, blogs_label AS b WHERE a.Label_id = b.label_id AND a. article_id='13' [ RunTime:0.0000s ]
SQL: SELECT * FROM `blogs_classify` WHERE ( 1=1 AND classify_id='5' ) LIMIT 1   [ RunTime:0.0000s ]
SQL: SELECT * FROM `blogs_login` WHERE ( 1=1 AND login_id='1' ) LIMIT 1   [ RunTime:0.0000s ]
NOTIC: [8] Undefined index: mapping_order C:\wamp\www\8yue\18\ThinkPHP\Library\Think\Model\RelationModel.class.php 第 186 行.
NOTIC: [8] Undefined index: mapping_limit C:\wamp\www\8yue\18\ThinkPHP\Library\Think\Model\RelationModel.class.php 第 187 行.
NOTIC: [8] Undefined index: relation_foreign_key C:\wamp\www\8yue\18\ThinkPHP\Library\Think\Model\RelationModel.class.php 第 188 行.
SQL: SELECT b.* FROM blogs_label_article AS a, blogs_label AS b WHERE a.Label_id = b.label_id AND a. article_id='16' [ RunTime:0.0000s ]
SQL: SELECT * FROM `blogs_classify` WHERE ( 1=1 AND classify_id='5' ) LIMIT 1   [ RunTime:0.0010s ]
SQL: SELECT * FROM `blogs_login` WHERE ( 1=1 AND login_id='1' ) LIMIT 1   [ RunTime:0.0000s ]
NOTIC: [8] Undefined index: mapping_order C:\wamp\www\8yue\18\ThinkPHP\Library\Think\Model\RelationModel.class.php 第 186 行.
NOTIC: [8] Undefined index: mapping_limit C:\wamp\www\8yue\18\ThinkPHP\Library\Think\Model\RelationModel.class.php 第 187 行.
NOTIC: [8] Undefined index: relation_foreign_key C:\wamp\www\8yue\18\ThinkPHP\Library\Think\Model\RelationModel.class.php 第 188 行.
SQL: SELECT b.* FROM blogs_label_article AS a, blogs_label AS b WHERE a.Label_id = b.label_id AND a. article_id='18' [ RunTime:0.0000s ]
SQL: SELECT * FROM `blogs_classify` WHERE ( 1=1 AND classify_id='5' ) LIMIT 1   [ RunTime:0.0000s ]
SQL: SELECT * FROM `blogs_login` WHERE ( 1=1 AND login_id='1' ) LIMIT 1   [ RunTime:0.0000s ]
NOTIC: [8] Undefined index: mapping_order C:\wamp\www\8yue\18\ThinkPHP\Library\Think\Model\RelationModel.class.php 第 186 行.
NOTIC: [8] Undefined index: mapping_limit C:\wamp\www\8yue\18\ThinkPHP\Library\Think\Model\RelationModel.class.php 第 187 行.
NOTIC: [8] Undefined index: relation_foreign_key C:\wamp\www\8yue\18\ThinkPHP\Library\Think\Model\RelationModel.class.php 第 188 行.
SQL: SELECT b.* FROM blogs_label_article AS a, blogs_label AS b WHERE a.Label_id = b.label_id AND a. article_id='19' [ RunTime:0.0000s ]
SQL: SHOW COLUMNS FROM `blogs_classify` [ RunTime:0.0040s ]
SQL: SELECT * FROM `blogs_classify`  [ RunTime:0.0000s ]
INFO: [ view_parse ] --START--
INFO: [ template_filter ] --START--
INFO: Run Behavior\ContentReplaceBehavior [ RunTime:0.000000s ]
INFO: [ template_filter ] --END-- [ RunTime:0.001000s ]
INFO: Run Behavior\ParseTemplateBehavior [ RunTime:0.029001s ]
INFO: [ view_parse ] --END-- [ RunTime:0.029001s ]
INFO: [ view_filter ] --START--
INFO: Run Behavior\WriteHtmlCacheBehavior [ RunTime:0.001000s ]
INFO: [ view_filter ] --END-- [ RunTime:0.001000s ]
INFO: [ app_end ] --START--
INFO: Run Behavior\ShowPageTraceBehavior [ RunTime:0.003000s ]
INFO: [ app_end ] --END-- [ RunTime:0.003000s ]

[ 2017-08-17T15:40:54+08:00 ] 127.0.0.1 /
INFO: [ app_init ] --START--
INFO: Run Behavior\BuildLiteBehavior [ RunTime:0.000000s ]
INFO: [ app_init ] --END-- [ RunTime:0.000000s ]
INFO: [ app_begin ] --START--
INFO: Run Behavior\ReadHtmlCacheBehavior [ RunTime:0.001000s ]
INFO: [ app_begin ] --END-- [ RunTime:0.001000s ]
SQL: SHOW COLUMNS FROM `blogs_deploy` [ RunTime:0.0050s ]
SQL: SELECT * FROM `blogs_deploy`  [ RunTime:0.0000s ]
SQL: SHOW COLUMNS FROM `blogs_article` [ RunTime:0.0050s ]
SQL: SELECT * FROM `blogs_article` WHERE ( is_del = 0 )  [ RunTime:0.0010s ]
SQL: SHOW COLUMNS FROM `blogs_classify` [ RunTime:0.0040s ]
SQL: SELECT * FROM `blogs_classify` WHERE ( 1=1 AND classify_id='5' ) LIMIT 1   [ RunTime:0.0000s ]
SQL: SHOW COLUMNS FROM `blogs_login` [ RunTime:0.0060s ]
SQL: SELECT * FROM `blogs_login` WHERE ( 1=1 AND login_id='1' ) LIMIT 1   [ RunTime:0.0010s ]
SQL: SHOW COLUMNS FROM `blogs_label` [ RunTime:0.0070s ]
NOTIC: [8] Undefined index: mapping_order C:\wamp\www\8yue\18\ThinkPHP\Library\Think\Model\RelationModel.class.php 第 186 行.
NOTIC: [8] Undefined index: mapping_limit C:\wamp\www\8yue\18\ThinkPHP\Library\Think\Model\RelationModel.class.php 第 187 行.
NOTIC: [8] Undefined index: relation_foreign_key C:\wamp\www\8yue\18\ThinkPHP\Library\Think\Model\RelationModel.class.php 第 188 行.
SQL: SELECT b.* FROM blogs_label_article AS a, blogs_label AS b WHERE a.Label_id = b.label_id AND a. article_id='13' [ RunTime:0.0010s ]
SQL: SELECT * FROM `blogs_classify` WHERE ( 1=1 AND classify_id='5' ) LIMIT 1   [ RunTime:0.0000s ]
SQL: SELECT * FROM `blogs_login` WHERE ( 1=1 AND login_id='1' ) LIMIT 1   [ RunTime:0.0000s ]
NOTIC: [8] Undefined index: mapping_order C:\wamp\www\8yue\18\ThinkPHP\Library\Think\Model\RelationModel.class.php 第 186 行.
NOTIC: [8] Undefined index: mapping_limit C:\wamp\www\8yue\18\ThinkPHP\Library\Think\Model\RelationModel.class.php 第 187 行.
NOTIC: [8] Undefined index: relation_foreign_key C:\wamp\www\8yue\18\ThinkPHP\Library\Think\Model\RelationModel.class.php 第 188 行.
SQL: SELECT b.* FROM blogs_label_article AS a, blogs_label AS b WHERE a.Label_id = b.label_id AND a. article_id='16' [ RunTime:0.0010s ]
SQL: SELECT * FROM `blogs_classify` WHERE ( 1=1 AND classify_id='5' ) LIMIT 1   [ RunTime:0.0010s ]
SQL: SELECT * FROM `blogs_login` WHERE ( 1=1 AND login_id='1' ) LIMIT 1   [ RunTime:0.0000s ]
NOTIC: [8] Undefined index: mapping_order C:\wamp\www\8yue\18\ThinkPHP\Library\Think\Model\RelationModel.class.php 第 186 行.
NOTIC: [8] Undefined index: mapping_limit C:\wamp\www\8yue\18\ThinkPHP\Library\Think\Model\RelationModel.class.php 第 187 行.
NOTIC: [8] Undefined index: relation_foreign_key C:\wamp\www\8yue\18\ThinkPHP\Library\Think\Model\RelationModel.class.php 第 188 行.
SQL: SELECT b.* FROM blogs_label_article AS a, blogs_label AS b WHERE a.Label_id = b.label_id AND a. article_id='18' [ RunTime:0.0000s ]
SQL: SELECT * FROM `blogs_classify` WHERE ( 1=1 AND classify_id='5' ) LIMIT 1   [ RunTime:0.0010s ]
SQL: SELECT * FROM `blogs_login` WHERE ( 1=1 AND login_id='1' ) LIMIT 1   [ RunTime:0.0000s ]
NOTIC: [8] Undefined index: mapping_order C:\wamp\www\8yue\18\ThinkPHP\Library\Think\Model\RelationModel.class.php 第 186 行.
NOTIC: [8] Undefined index: mapping_limit C:\wamp\www\8yue\18\ThinkPHP\Library\Think\Model\RelationModel.class.php 第 187 行.
NOTIC: [8] Undefined index: relation_foreign_key C:\wamp\www\8yue\18\ThinkPHP\Library\Think\Model\RelationModel.class.php 第 188 行.
SQL: SELECT b.* FROM blogs_label_article AS a, blogs_label AS b WHERE a.Label_id = b.label_id AND a. article_id='19' [ RunTime:0.0000s ]
SQL: SHOW COLUMNS FROM `blogs_classify` [ RunTime:0.0030s ]
SQL: SELECT * FROM `blogs_classify`  [ RunTime:0.0010s ]
INFO: [ view_parse ] --START--
INFO: [ template_filter ] --START--
INFO: Run Behavior\ContentReplaceBehavior [ RunTime:0.001000s ]
INFO: [ template_filter ] --END-- [ RunTime:0.001000s ]
INFO: Run Behavior\ParseTemplateBehavior [ RunTime:0.058003s ]
INFO: [ view_parse ] --END-- [ RunTime:0.059003s ]
INFO: [ view_filter ] --START--
INFO: Run Behavior\WriteHtmlCacheBehavior [ RunTime:0.001000s ]
INFO: [ view_filter ] --END-- [ RunTime:0.001000s ]
INFO: [ app_end ] --START--
INFO: Run Behavior\ShowPageTraceBehavior [ RunTime:0.001000s ]
INFO: [ app_end ] --END-- [ RunTime:0.001000s ]

[ 2017-08-17T15:54:04+08:00 ] 127.0.0.1 /
INFO: [ app_init ] --START--
INFO: Run Behavior\BuildLiteBehavior [ RunTime:0.000000s ]
INFO: [ app_init ] --END-- [ RunTime:0.001000s ]
INFO: [ app_begin ] --START--
INFO: Run Behavior\ReadHtmlCacheBehavior [ RunTime:0.000000s ]
INFO: [ app_begin ] --END-- [ RunTime:0.000000s ]
SQL: SHOW COLUMNS FROM `blogs_deploy` [ RunTime:0.0050s ]
SQL: SELECT * FROM `blogs_deploy`  [ RunTime:0.0010s ]
SQL: SHOW COLUMNS FROM `blogs_article` [ RunTime:0.0130s ]
SQL: SELECT * FROM `blogs_article` WHERE ( is_del = 0 )  [ RunTime:0.0010s ]
SQL: SHOW COLUMNS FROM `blogs_classify` [ RunTime:0.0090s ]
SQL: SELECT * FROM `blogs_classify` WHERE ( 1=1 AND classify_id='5' ) LIMIT 1   [ RunTime:0.0010s ]
SQL: SHOW COLUMNS FROM `blogs_login` [ RunTime:0.0070s ]
SQL: SELECT * FROM `blogs_login` WHERE ( 1=1 AND login_id='1' ) LIMIT 1   [ RunTime:0.0000s ]
SQL: SHOW COLUMNS FROM `blogs_label` [ RunTime:0.0050s ]
NOTIC: [8] Undefined index: mapping_order C:\wamp\www\8yue\18\ThinkPHP\Library\Think\Model\RelationModel.class.php 第 186 行.
NOTIC: [8] Undefined index: mapping_limit C:\wamp\www\8yue\18\ThinkPHP\Library\Think\Model\RelationModel.class.php 第 187 行.
NOTIC: [8] Undefined index: relation_foreign_key C:\wamp\www\8yue\18\ThinkPHP\Library\Think\Model\RelationModel.class.php 第 188 行.
SQL: SELECT b.* FROM blogs_label_article AS a, blogs_label AS b WHERE a.Label_id = b.label_id AND a. article_id='13' [ RunTime:0.0010s ]
SQL: SELECT * FROM `blogs_classify` WHERE ( 1=1 AND classify_id='5' ) LIMIT 1   [ RunTime:0.0010s ]
SQL: SELECT * FROM `blogs_login` WHERE ( 1=1 AND login_id='1' ) LIMIT 1   [ RunTime:0.0000s ]
NOTIC: [8] Undefined index: mapping_order C:\wamp\www\8yue\18\ThinkPHP\Library\Think\Model\RelationModel.class.php 第 186 行.
NOTIC: [8] Undefined index: mapping_limit C:\wamp\www\8yue\18\ThinkPHP\Library\Think\Model\RelationModel.class.php 第 187 行.
NOTIC: [8] Undefined index: relation_foreign_key C:\wamp\www\8yue\18\ThinkPHP\Library\Think\Model\RelationModel.class.php 第 188 行.
SQL: SELECT b.* FROM blogs_label_article AS a, blogs_label AS b WHERE a.Label_id = b.label_id AND a. article_id='16' [ RunTime:0.0010s ]
SQL: SELECT * FROM `blogs_classify` WHERE ( 1=1 AND classify_id='5' ) LIMIT 1   [ RunTime:0.0010s ]
SQL: SELECT * FROM `blogs_login` WHERE ( 1=1 AND login_id='1' ) LIMIT 1   [ RunTime:0.0010s ]
NOTIC: [8] Undefined index: mapping_order C:\wamp\www\8yue\18\ThinkPHP\Library\Think\Model\RelationModel.class.php 第 186 行.
NOTIC: [8] Undefined index: mapping_limit C:\wamp\www\8yue\18\ThinkPHP\Library\Think\Model\RelationModel.class.php 第 187 行.
NOTIC: [8] Undefined index: relation_foreign_key C:\wamp\www\8yue\18\ThinkPHP\Library\Think\Model\RelationModel.class.php 第 188 行.
SQL: SELECT b.* FROM blogs_label_article AS a, blogs_label AS b WHERE a.Label_id = b.label_id AND a. article_id='18' [ RunTime:0.0010s ]
SQL: SELECT * FROM `blogs_classify` WHERE ( 1=1 AND classify_id='5' ) LIMIT 1   [ RunTime:0.0010s ]
SQL: SELECT * FROM `blogs_login` WHERE ( 1=1 AND login_id='1' ) LIMIT 1   [ RunTime:0.0010s ]
NOTIC: [8] Undefined index: mapping_order C:\wamp\www\8yue\18\ThinkPHP\Library\Think\Model\RelationModel.class.php 第 186 行.
NOTIC: [8] Undefined index: mapping_limit C:\wamp\www\8yue\18\ThinkPHP\Library\Think\Model\RelationModel.class.php 第 187 行.
NOTIC: [8] Undefined index: relation_foreign_key C:\wamp\www\8yue\18\ThinkPHP\Library\Think\Model\RelationModel.class.php 第 188 行.
SQL: SELECT b.* FROM blogs_label_article AS a, blogs_label AS b WHERE a.Label_id = b.label_id AND a. article_id='19' [ RunTime:0.0010s ]
SQL: SHOW COLUMNS FROM `blogs_classify` [ RunTime:0.0060s ]
SQL: SELECT * FROM `blogs_classify`  [ RunTime:0.0000s ]
INFO: [ view_parse ] --START--
INFO: [ template_filter ] --START--
INFO: Run Behavior\ContentReplaceBehavior [ RunTime:0.000000s ]
INFO: [ template_filter ] --END-- [ RunTime:0.000000s ]
INFO: Run Behavior\ParseTemplateBehavior [ RunTime:0.024001s ]
INFO: [ view_parse ] --END-- [ RunTime:0.024001s ]
INFO: [ view_filter ] --START--
INFO: Run Behavior\WriteHtmlCacheBehavior [ RunTime:0.001000s ]
INFO: [ view_filter ] --END-- [ RunTime:0.001000s ]
INFO: [ app_end ] --START--
INFO: Run Behavior\ShowPageTraceBehavior [ RunTime:0.001000s ]
INFO: [ app_end ] --END-- [ RunTime:0.001000s ]

[ 2017-08-17T15:54:30+08:00 ] 127.0.0.1 /index.php/User/index.html
INFO: [ app_init ] --START--
INFO: Run Behavior\BuildLiteBehavior [ RunTime:0.001000s ]
INFO: [ app_init ] --END-- [ RunTime:0.001000s ]
INFO: [ app_begin ] --START--
INFO: Run Behavior\ReadHtmlCacheBehavior [ RunTime:0.000000s ]
INFO: [ app_begin ] --END-- [ RunTime:0.001000s ]
SQL: SHOW COLUMNS FROM `blogs_deploy` [ RunTime:0.0060s ]
SQL: SELECT * FROM `blogs_deploy`  [ RunTime:0.0000s ]
INFO: [ view_parse ] --START--
INFO: [ template_filter ] --START--
INFO: Run Behavior\ContentReplaceBehavior [ RunTime:0.000000s ]
INFO: [ template_filter ] --END-- [ RunTime:0.001000s ]
INFO: Run Behavior\ParseTemplateBehavior [ RunTime:0.020001s ]
INFO: [ view_parse ] --END-- [ RunTime:0.020001s ]
INFO: [ view_filter ] --START--
INFO: Run Behavior\WriteHtmlCacheBehavior [ RunTime:0.001000s ]
INFO: [ view_filter ] --END-- [ RunTime:0.001000s ]
INFO: [ app_end ] --START--
INFO: Run Behavior\ShowPageTraceBehavior [ RunTime:0.001000s ]
INFO: [ app_end ] --END-- [ RunTime:0.001000s ]

